<?xml version="1.0" encoding="UTF-8"?>
<!-- Generated by org.testng.reporters.JUnitXMLReporter -->
<testsuite hostname="Muhammads-MBP" ignored="17" name="Default test" tests="1" failures="0" timestamp="2022-10-06T16:21:49 EDT" time="8.233" errors="0">
  <testcase name="use_of_get_title_method02" time="0.141" classname="testPages.HomePageTest"/>
  <testcase name="use_of_get_current_url_method" time="0.0" classname="testPages.HomePageTest">
    <ignored/>
  </testcase> <!-- use_of_get_current_url_method -->
  <testcase name="logoTest03" time="0.0" classname="testPages.HomePageTest">
    <ignored/>
  </testcase> <!-- logoTest03 -->
  <testcase name="logoTest01" time="0.0" classname="testPages.HomePageTest">
    <ignored/>
  </testcase> <!-- logoTest01 -->
  <testcase name="signInTest" time="0.0" classname="testPages.HomePageTest">
    <ignored/>
  </testcase> <!-- signInTest -->
  <testcase name="logoTest02" time="0.0" classname="testPages.HomePageTest">
    <ignored/>
  </testcase> <!-- logoTest02 -->
  <testcase name="use_of_get_title_method" time="0.0" classname="testPages.HomePageTest">
    <ignored/>
  </testcase> <!-- use_of_get_title_method -->
  <testcase name="tvAndAudioBtnSelectedTest" time="0.0" classname="testPages.HomePageTest">
    <ignored/>
  </testcase> <!-- tvAndAudioBtnSelectedTest -->
  <testcase name="use_of_get_text_method" time="0.0" classname="testPages.HomePageTest">
    <ignored/>
  </testcase> <!-- use_of_get_text_method -->
  <testcase name="mouseHoverOverActions2" time="0.0" classname="testPages.HomePageTest">
    <ignored/>
  </testcase> <!-- mouseHoverOverActions2 -->
  <testcase name="cartBtnTest" time="0.0" classname="testPages.HomePageTest">
    <ignored/>
  </testcase> <!-- cartBtnTest -->
  <testcase name="used_of_sendKeys_method" time="0.0" classname="testPages.HomePageTest">
    <ignored/>
  </testcase> <!-- used_of_sendKeys_method -->
  <testcase name="used_of_sendKeys_and_ReturnKey_method" time="0.0" classname="testPages.HomePageTest">
    <ignored/>
  </testcase> <!-- used_of_sendKeys_and_ReturnKey_method -->
  <testcase name="mouseHoverOverActions4" time="0.0" classname="testPages.HomePageTest">
    <ignored/>
  </testcase> <!-- mouseHoverOverActions4 -->
  <testcase name="mouseHoverOverActions3" time="0.0" classname="testPages.HomePageTest">
    <ignored/>
  </testcase> <!-- mouseHoverOverActions3 -->
  <testcase name="used_of_sendKeys_and_Navigate_method_01" time="0.0" classname="testPages.HomePageTest">
    <ignored/>
  </testcase> <!-- used_of_sendKeys_and_Navigate_method_01 -->
  <testcase name="mouseHoverOverActions1" time="0.0" classname="testPages.HomePageTest">
    <ignored/>
  </testcase> <!-- mouseHoverOverActions1 -->
  <testcase name="used_of_sendKeys_and_Navigate_method_02" time="0.0" classname="testPages.HomePageTest">
    <ignored/>
  </testcase> <!-- used_of_sendKeys_and_Navigate_method_02 -->
</testsuite> <!-- Default test -->
